21.07.2015 01:07:20 [RMI TCP Connection(5)-127.0.0.1] INFO  by.bsu.guglya.library.controllers.listeners.LibraryContextListener 
 Application started!
21.07.2015 01:07:22 [http-bio-8080-exec-1] INFO  by.bsu.guglya.library.controllers.listeners.LibrarySessionListener 
 Session created!
21.07.2015 01:07:23 [http-bio-8080-exec-5] INFO  by.bsu.guglya.library.controllers.listeners.LibrarySessionListener 
 Session created!
21.07.2015 01:19:08 [RMI TCP Connection(3)-127.0.0.1] INFO  by.bsu.guglya.library.controllers.listeners.LibraryContextListener 
 Application started!
21.07.2015 01:19:09 [http-bio-8080-exec-1] INFO  by.bsu.guglya.library.controllers.listeners.LibrarySessionListener 
 Session created!
21.07.2015 01:19:10 [http-bio-8080-exec-5] INFO  by.bsu.guglya.library.controllers.listeners.LibrarySessionListener 
 Session created!
21.07.2015 01:19:45 [http-bio-8080-exec-3] INFO  by.bsu.guglya.library.controllers.listeners.LibrarySessionListener 
 Session destroyed!
21.07.2015 01:19:45 [http-bio-8080-exec-3] INFO  by.bsu.guglya.library.controllers.listeners.LibrarySessionListener 
 Session created!
21.07.2015 01:21:15 [localhost-startStop-1] INFO  by.bsu.guglya.library.controllers.listeners.LibraryContextListener 
 Application started!
21.07.2015 01:21:17 [http-bio-8080-exec-6] INFO  by.bsu.guglya.library.controllers.listeners.LibrarySessionListener 
 Session created!
21.07.2015 01:21:26 [http-bio-8080-exec-10] INFO  by.bsu.guglya.library.controllers.listeners.LibrarySessionListener 
 Session destroyed!
21.07.2015 01:21:26 [http-bio-8080-exec-10] INFO  by.bsu.guglya.library.controllers.listeners.LibrarySessionListener 
 Session created!
21.07.2015 01:22:15 [ContainerBackgroundProcessor[StandardEngine[Catalina]]] INFO  by.bsu.guglya.library.controllers.listeners.LibrarySessionListener 
 Session destroyed!
21.07.2015 20:59:31 [RMI TCP Connection(2)-127.0.0.1] INFO  by.bsu.guglya.library.controllers.listeners.LibraryContextListener 
 Application started!
21.07.2015 20:59:34 [http-bio-8080-exec-1] INFO  by.bsu.guglya.library.controllers.listeners.LibrarySessionListener 
 Session created!
21.07.2015 20:59:37 [http-bio-8080-exec-5] INFO  by.bsu.guglya.library.controllers.listeners.LibrarySessionListener 
 Session created!
21.07.2015 21:26:47 [RMI TCP Connection(3)-127.0.0.1] INFO  by.bsu.guglya.library.controllers.listeners.LibraryContextListener 
 Application started!
21.07.2015 21:26:49 [http-bio-8080-exec-1] INFO  by.bsu.guglya.library.controllers.listeners.LibrarySessionListener 
 Session created!
21.07.2015 21:26:56 [http-bio-8080-exec-5] INFO  by.bsu.guglya.library.controllers.listeners.LibrarySessionListener 
 Session created!
21.07.2015 21:28:05 [RMI TCP Connection(3)-127.0.0.1] INFO  by.bsu.guglya.library.controllers.listeners.LibraryContextListener 
 Application started!
21.07.2015 21:28:07 [http-bio-8080-exec-1] INFO  by.bsu.guglya.library.controllers.listeners.LibrarySessionListener 
 Session created!
21.07.2015 21:28:08 [http-bio-8080-exec-5] INFO  by.bsu.guglya.library.controllers.listeners.LibrarySessionListener 
 Session created!
21.07.2015 21:29:55 [RMI TCP Connection(3)-127.0.0.1] INFO  by.bsu.guglya.library.controllers.listeners.LibraryContextListener 
 Application started!
21.07.2015 21:29:56 [http-bio-8081-exec-1] INFO  by.bsu.guglya.library.controllers.listeners.LibrarySessionListener 
 Session created!
21.07.2015 21:29:57 [http-bio-8081-exec-5] INFO  by.bsu.guglya.library.controllers.listeners.LibrarySessionListener 
 Session created!
21.07.2015 21:32:51 [RMI TCP Connection(3)-127.0.0.1] INFO  by.bsu.guglya.library.controllers.listeners.LibraryContextListener 
 Application started!
21.07.2015 21:32:52 [http-bio-8081-exec-1] INFO  by.bsu.guglya.library.controllers.listeners.LibrarySessionListener 
 Session created!
21.07.2015 21:32:53 [http-bio-8081-exec-5] INFO  by.bsu.guglya.library.controllers.listeners.LibrarySessionListener 
 Session created!
21.07.2015 21:51:53 [RMI TCP Connection(3)-127.0.0.1] INFO  by.bsu.guglya.library.controllers.listeners.LibraryContextListener 
 Application started!
21.07.2015 21:51:54 [http-bio-8081-exec-1] INFO  by.bsu.guglya.library.controllers.listeners.LibrarySessionListener 
 Session created!
21.07.2015 21:51:56 [http-bio-8081-exec-5] INFO  by.bsu.guglya.library.controllers.listeners.LibrarySessionListener 
 Session created!
21.07.2015 22:22:17 [ContainerBackgroundProcessor[StandardEngine[Catalina]]] INFO  by.bsu.guglya.library.controllers.listeners.LibrarySessionListener 
 Session destroyed!
21.07.2015 23:00:57 [localhost-startStop-1] INFO  by.bsu.guglya.library.controllers.listeners.LibraryContextListener 
 Application started!
21.07.2015 23:01:57 [ContainerBackgroundProcessor[StandardEngine[Catalina]]] INFO  by.bsu.guglya.library.controllers.listeners.LibrarySessionListener 
 Session destroyed!
21.07.2015 23:02:30 [localhost-startStop-2] INFO  by.bsu.guglya.library.controllers.listeners.LibraryContextListener 
 Application started!
21.07.2015 23:02:31 [localhost-startStop-2] INFO  by.bsu.guglya.library.controllers.listeners.LibraryContextListener 
 Application started!
22.07.2015 01:02:04 [RMI TCP Connection(3)-127.0.0.1] INFO  by.bsu.guglya.library.controllers.listeners.LibraryContextListener 
 Application started!
22.07.2015 01:02:06 [http-bio-8081-exec-1] INFO  by.bsu.guglya.library.controllers.listeners.LibrarySessionListener 
 Session created!
22.07.2015 01:02:08 [http-bio-8081-exec-5] INFO  by.bsu.guglya.library.controllers.listeners.LibrarySessionListener 
 Session created!
22.07.2015 01:02:49 [http-bio-8081-exec-10] ERROR by.bsu.guglya.library.database.dao.BookDAO 
 Illegal operation on empty result set.
22.07.2015 01:08:06 [RMI TCP Connection(3)-127.0.0.1] INFO  by.bsu.guglya.library.controllers.listeners.LibraryContextListener 
 Application started!
22.07.2015 01:08:08 [http-bio-8081-exec-1] INFO  by.bsu.guglya.library.controllers.listeners.LibrarySessionListener 
 Session created!
22.07.2015 01:08:09 [http-bio-8081-exec-5] INFO  by.bsu.guglya.library.controllers.listeners.LibrarySessionListener 
 Session created!
22.07.2015 01:09:34 [http-bio-8081-exec-8] ERROR by.bsu.guglya.library.database.dao.BookDAO 
 Illegal operation on empty result set.
22.07.2015 01:10:39 [RMI TCP Connection(3)-127.0.0.1] INFO  by.bsu.guglya.library.controllers.listeners.LibraryContextListener 
 Application started!
22.07.2015 01:10:41 [http-bio-8081-exec-1] INFO  by.bsu.guglya.library.controllers.listeners.LibrarySessionListener 
 Session created!
22.07.2015 01:10:43 [http-bio-8081-exec-5] INFO  by.bsu.guglya.library.controllers.listeners.LibrarySessionListener 
 Session created!
22.07.2015 01:13:52 [http-bio-8081-exec-10] ERROR by.bsu.guglya.library.database.dao.BookDAO 
 Illegal operation on empty result set.
22.07.2015 01:14:13 [RMI TCP Connection(3)-127.0.0.1] INFO  by.bsu.guglya.library.controllers.listeners.LibraryContextListener 
 Application started!
22.07.2015 01:14:15 [http-bio-8081-exec-1] INFO  by.bsu.guglya.library.controllers.listeners.LibrarySessionListener 
 Session created!
22.07.2015 01:14:16 [http-bio-8081-exec-5] INFO  by.bsu.guglya.library.controllers.listeners.LibrarySessionListener 
 Session created!
22.07.2015 01:18:45 [http-bio-8081-exec-1] ERROR by.bsu.guglya.library.database.dao.BookDAO 
 Illegal operation on empty result set.
22.07.2015 01:19:04 [RMI TCP Connection(3)-127.0.0.1] INFO  by.bsu.guglya.library.controllers.listeners.LibraryContextListener 
 Application started!
22.07.2015 01:19:06 [http-bio-8081-exec-1] INFO  by.bsu.guglya.library.controllers.listeners.LibrarySessionListener 
 Session created!
22.07.2015 01:19:07 [http-bio-8081-exec-5] INFO  by.bsu.guglya.library.controllers.listeners.LibrarySessionListener 
 Session created!
22.07.2015 01:23:37 [RMI TCP Connection(3)-127.0.0.1] INFO  by.bsu.guglya.library.controllers.listeners.LibraryContextListener 
 Application started!
22.07.2015 01:23:40 [http-bio-8081-exec-1] INFO  by.bsu.guglya.library.controllers.listeners.LibrarySessionListener 
 Session created!
22.07.2015 01:23:41 [http-bio-8081-exec-5] INFO  by.bsu.guglya.library.controllers.listeners.LibrarySessionListener 
 Session created!
22.07.2015 01:25:57 [http-bio-8081-exec-10] ERROR by.bsu.guglya.library.database.dao.BookDAO 
 Illegal operation on empty result set.
22.07.2015 01:26:16 [RMI TCP Connection(3)-127.0.0.1] INFO  by.bsu.guglya.library.controllers.listeners.LibraryContextListener 
 Application started!
22.07.2015 01:26:18 [http-bio-8081-exec-1] INFO  by.bsu.guglya.library.controllers.listeners.LibrarySessionListener 
 Session created!
22.07.2015 01:26:19 [http-bio-8081-exec-5] INFO  by.bsu.guglya.library.controllers.listeners.LibrarySessionListener 
 Session created!
22.07.2015 01:27:48 [http-bio-8081-exec-2] ERROR by.bsu.guglya.library.database.dao.CatalogDAO 
 Can not issue executeUpdate() for SELECTs
22.07.2015 01:38:27 [RMI TCP Connection(3)-127.0.0.1] INFO  by.bsu.guglya.library.controllers.listeners.LibraryContextListener 
 Application started!
22.07.2015 01:38:30 [http-bio-8081-exec-1] INFO  by.bsu.guglya.library.controllers.listeners.LibrarySessionListener 
 Session created!
22.07.2015 01:38:31 [http-bio-8081-exec-5] INFO  by.bsu.guglya.library.controllers.listeners.LibrarySessionListener 
 Session created!
22.07.2015 01:40:44 [http-bio-8081-exec-10] ERROR by.bsu.guglya.library.database.dao.BookDAO 
 Illegal operation on empty result set.
22.07.2015 01:41:06 [RMI TCP Connection(3)-127.0.0.1] INFO  by.bsu.guglya.library.controllers.listeners.LibraryContextListener 
 Application started!
22.07.2015 01:41:09 [http-bio-8081-exec-1] INFO  by.bsu.guglya.library.controllers.listeners.LibrarySessionListener 
 Session created!
22.07.2015 01:41:11 [http-bio-8081-exec-5] INFO  by.bsu.guglya.library.controllers.listeners.LibrarySessionListener 
 Session created!
22.07.2015 01:41:29 [http-bio-8081-exec-6] ERROR by.bsu.guglya.library.database.dao.CatalogDAO 
 Generated keys not requested. You need to specify Statement.RETURN_GENERATED_KEYS to Statement.executeUpdate() or Connection.prepareStatement().
22.07.2015 01:42:20 [RMI TCP Connection(3)-127.0.0.1] INFO  by.bsu.guglya.library.controllers.listeners.LibraryContextListener 
 Application started!
22.07.2015 01:42:22 [http-bio-8081-exec-1] INFO  by.bsu.guglya.library.controllers.listeners.LibrarySessionListener 
 Session created!
22.07.2015 01:42:24 [http-bio-8081-exec-5] INFO  by.bsu.guglya.library.controllers.listeners.LibrarySessionListener 
 Session created!
22.07.2015 01:48:50 [http-bio-8081-exec-1] ERROR by.bsu.guglya.library.database.dao.CatalogDAO 
 Generated keys not requested. You need to specify Statement.RETURN_GENERATED_KEYS to Statement.executeUpdate() or Connection.prepareStatement().
22.07.2015 01:49:12 [RMI TCP Connection(3)-127.0.0.1] INFO  by.bsu.guglya.library.controllers.listeners.LibraryContextListener 
 Application started!
22.07.2015 01:49:14 [http-bio-8081-exec-1] INFO  by.bsu.guglya.library.controllers.listeners.LibrarySessionListener 
 Session created!
22.07.2015 01:49:15 [http-bio-8081-exec-5] INFO  by.bsu.guglya.library.controllers.listeners.LibrarySessionListener 
 Session created!
22.07.2015 01:50:48 [RMI TCP Connection(3)-127.0.0.1] INFO  by.bsu.guglya.library.controllers.listeners.LibraryContextListener 
 Application started!
22.07.2015 01:50:50 [http-bio-8081-exec-1] INFO  by.bsu.guglya.library.controllers.listeners.LibrarySessionListener 
 Session created!
22.07.2015 01:50:52 [http-bio-8081-exec-5] INFO  by.bsu.guglya.library.controllers.listeners.LibrarySessionListener 
 Session created!
22.07.2015 01:51:37 [http-bio-8081-exec-10] ERROR by.bsu.guglya.library.database.dao.CatalogDAO 
 Generated keys not requested. You need to specify Statement.RETURN_GENERATED_KEYS to Statement.executeUpdate() or Connection.prepareStatement().
22.07.2015 01:52:03 [RMI TCP Connection(2)-127.0.0.1] INFO  by.bsu.guglya.library.controllers.listeners.LibraryContextListener 
 Application started!
22.07.2015 01:52:05 [http-bio-8081-exec-1] INFO  by.bsu.guglya.library.controllers.listeners.LibrarySessionListener 
 Session created!
22.07.2015 01:52:07 [http-bio-8081-exec-5] INFO  by.bsu.guglya.library.controllers.listeners.LibrarySessionListener 
 Session created!
22.07.2015 10:09:36 [http-bio-8081-exec-5] ERROR by.bsu.guglya.library.database.dao.CatalogDAO 
 Generated keys not requested. You need to specify Statement.RETURN_GENERATED_KEYS to Statement.executeUpdate() or Connection.prepareStatement().
22.07.2015 10:09:36 [http-bio-8081-exec-5] ERROR by.bsu.guglya.library.database.dao.CatalogDAO 
 No operations allowed after connection closed.Connection was implicitly closed by the driver.
22.07.2015 10:09:40 [http-bio-8081-exec-5] INFO  by.bsu.guglya.library.controllers.listeners.LibrarySessionListener 
 Session destroyed!
22.07.2015 10:09:40 [http-bio-8081-exec-5] INFO  by.bsu.guglya.library.controllers.listeners.LibrarySessionListener 
 Session created!
22.07.2015 10:10:21 [RMI TCP Connection(2)-127.0.0.1] INFO  by.bsu.guglya.library.controllers.listeners.LibraryContextListener 
 Application started!
22.07.2015 10:10:24 [http-bio-8081-exec-1] INFO  by.bsu.guglya.library.controllers.listeners.LibrarySessionListener 
 Session created!
22.07.2015 10:10:26 [http-bio-8081-exec-5] INFO  by.bsu.guglya.library.controllers.listeners.LibrarySessionListener 
 Session created!
22.07.2015 10:15:07 [http-bio-8081-exec-1] ERROR by.bsu.guglya.library.database.dao.CatalogDAO 
 Generated keys not requested. You need to specify Statement.RETURN_GENERATED_KEYS to Statement.executeUpdate() or Connection.prepareStatement().
22.07.2015 10:16:30 [RMI TCP Connection(3)-127.0.0.1] INFO  by.bsu.guglya.library.controllers.listeners.LibraryContextListener 
 Application started!
22.07.2015 10:16:33 [http-bio-8081-exec-1] INFO  by.bsu.guglya.library.controllers.listeners.LibrarySessionListener 
 Session created!
22.07.2015 10:16:44 [http-bio-8081-exec-5] INFO  by.bsu.guglya.library.controllers.listeners.LibrarySessionListener 
 Session created!
22.07.2015 10:25:10 [RMI TCP Connection(2)-127.0.0.1] INFO  by.bsu.guglya.library.controllers.listeners.LibraryContextListener 
 Application started!
22.07.2015 10:25:13 [http-bio-8081-exec-1] INFO  by.bsu.guglya.library.controllers.listeners.LibrarySessionListener 
 Session created!
22.07.2015 10:25:32 [http-bio-8081-exec-6] INFO  by.bsu.guglya.library.controllers.listeners.LibrarySessionListener 
 Session created!
22.07.2015 10:30:41 [RMI TCP Connection(3)-127.0.0.1] INFO  by.bsu.guglya.library.controllers.listeners.LibraryContextListener 
 Application started!
22.07.2015 10:30:43 [http-bio-8081-exec-1] INFO  by.bsu.guglya.library.controllers.listeners.LibrarySessionListener 
 Session created!
22.07.2015 10:30:45 [http-bio-8081-exec-5] INFO  by.bsu.guglya.library.controllers.listeners.LibrarySessionListener 
 Session created!
22.07.2015 10:40:41 [RMI TCP Connection(3)-127.0.0.1] INFO  by.bsu.guglya.library.controllers.listeners.LibraryContextListener 
 Application started!
22.07.2015 10:40:43 [http-bio-8081-exec-1] INFO  by.bsu.guglya.library.controllers.listeners.LibrarySessionListener 
 Session created!
22.07.2015 10:40:46 [http-bio-8081-exec-5] INFO  by.bsu.guglya.library.controllers.listeners.LibrarySessionListener 
 Session created!
22.07.2015 10:42:57 [RMI TCP Connection(2)-127.0.0.1] INFO  by.bsu.guglya.library.controllers.listeners.LibraryContextListener 
 Application started!
22.07.2015 10:42:59 [http-bio-8081-exec-1] INFO  by.bsu.guglya.library.controllers.listeners.LibrarySessionListener 
 Session created!
22.07.2015 10:43:02 [http-bio-8081-exec-5] INFO  by.bsu.guglya.library.controllers.listeners.LibrarySessionListener 
 Session created!
22.07.2015 10:57:04 [RMI TCP Connection(3)-127.0.0.1] INFO  by.bsu.guglya.library.controllers.listeners.LibraryContextListener 
 Application started!
22.07.2015 10:57:06 [http-bio-8081-exec-1] INFO  by.bsu.guglya.library.controllers.listeners.LibrarySessionListener 
 Session created!
22.07.2015 10:57:08 [http-bio-8081-exec-5] INFO  by.bsu.guglya.library.controllers.listeners.LibrarySessionListener 
 Session created!
22.07.2015 11:02:39 [RMI TCP Connection(3)-127.0.0.1] INFO  by.bsu.guglya.library.controllers.listeners.LibraryContextListener 
 Application started!
22.07.2015 11:02:41 [http-bio-8081-exec-1] INFO  by.bsu.guglya.library.controllers.listeners.LibrarySessionListener 
 Session created!
22.07.2015 11:02:42 [http-bio-8081-exec-5] INFO  by.bsu.guglya.library.controllers.listeners.LibrarySessionListener 
 Session created!
22.07.2015 11:08:43 [RMI TCP Connection(3)-127.0.0.1] INFO  by.bsu.guglya.library.controllers.listeners.LibraryContextListener 
 Application started!
22.07.2015 11:08:45 [http-bio-8081-exec-1] INFO  by.bsu.guglya.library.controllers.listeners.LibrarySessionListener 
 Session created!
22.07.2015 11:08:46 [http-bio-8081-exec-5] INFO  by.bsu.guglya.library.controllers.listeners.LibrarySessionListener 
 Session created!
22.07.2015 11:18:52 [RMI TCP Connection(3)-127.0.0.1] INFO  by.bsu.guglya.library.controllers.listeners.LibraryContextListener 
 Application started!
22.07.2015 11:18:53 [http-bio-8081-exec-1] INFO  by.bsu.guglya.library.controllers.listeners.LibrarySessionListener 
 Session created!
22.07.2015 11:18:55 [http-bio-8081-exec-5] INFO  by.bsu.guglya.library.controllers.listeners.LibrarySessionListener 
 Session created!
22.07.2015 11:20:16 [RMI TCP Connection(3)-127.0.0.1] INFO  by.bsu.guglya.library.controllers.listeners.LibraryContextListener 
 Application started!
22.07.2015 11:20:17 [http-bio-8081-exec-1] INFO  by.bsu.guglya.library.controllers.listeners.LibrarySessionListener 
 Session created!
22.07.2015 11:20:19 [http-bio-8081-exec-5] INFO  by.bsu.guglya.library.controllers.listeners.LibrarySessionListener 
 Session created!
22.07.2015 11:21:48 [RMI TCP Connection(3)-127.0.0.1] INFO  by.bsu.guglya.library.controllers.listeners.LibraryContextListener 
 Application started!
22.07.2015 11:21:50 [http-bio-8081-exec-1] INFO  by.bsu.guglya.library.controllers.listeners.LibrarySessionListener 
 Session created!
22.07.2015 11:21:52 [http-bio-8081-exec-5] INFO  by.bsu.guglya.library.controllers.listeners.LibrarySessionListener 
 Session created!
22.07.2015 11:22:43 [http-bio-8081-exec-1] INFO  by.bsu.guglya.library.controllers.listeners.LibrarySessionListener 
 Session destroyed!
22.07.2015 11:22:43 [http-bio-8081-exec-1] INFO  by.bsu.guglya.library.controllers.listeners.LibrarySessionListener 
 Session created!
22.07.2015 11:23:13 [RMI TCP Connection(3)-127.0.0.1] INFO  by.bsu.guglya.library.controllers.listeners.LibraryContextListener 
 Application started!
22.07.2015 11:23:15 [http-bio-8081-exec-1] INFO  by.bsu.guglya.library.controllers.listeners.LibrarySessionListener 
 Session created!
22.07.2015 11:23:16 [http-bio-8081-exec-5] INFO  by.bsu.guglya.library.controllers.listeners.LibrarySessionListener 
 Session created!
22.07.2015 11:25:32 [RMI TCP Connection(3)-127.0.0.1] INFO  by.bsu.guglya.library.controllers.listeners.LibraryContextListener 
 Application started!
22.07.2015 11:25:33 [http-bio-8081-exec-1] INFO  by.bsu.guglya.library.controllers.listeners.LibrarySessionListener 
 Session created!
22.07.2015 11:25:35 [http-bio-8081-exec-5] INFO  by.bsu.guglya.library.controllers.listeners.LibrarySessionListener 
 Session created!
22.07.2015 11:26:13 [RMI TCP Connection(3)-127.0.0.1] INFO  by.bsu.guglya.library.controllers.listeners.LibraryContextListener 
 Application started!
22.07.2015 11:26:15 [http-bio-8081-exec-1] INFO  by.bsu.guglya.library.controllers.listeners.LibrarySessionListener 
 Session created!
22.07.2015 11:26:17 [http-bio-8081-exec-5] INFO  by.bsu.guglya.library.controllers.listeners.LibrarySessionListener 
 Session created!
22.07.2015 11:27:16 [RMI TCP Connection(3)-127.0.0.1] INFO  by.bsu.guglya.library.controllers.listeners.LibraryContextListener 
 Application started!
22.07.2015 11:27:18 [http-bio-8081-exec-1] INFO  by.bsu.guglya.library.controllers.listeners.LibrarySessionListener 
 Session created!
22.07.2015 11:27:20 [http-bio-8081-exec-5] INFO  by.bsu.guglya.library.controllers.listeners.LibrarySessionListener 
 Session created!
22.07.2015 11:28:40 [RMI TCP Connection(3)-127.0.0.1] INFO  by.bsu.guglya.library.controllers.listeners.LibraryContextListener 
 Application started!
22.07.2015 11:28:42 [http-bio-8081-exec-1] INFO  by.bsu.guglya.library.controllers.listeners.LibrarySessionListener 
 Session created!
22.07.2015 11:28:44 [http-bio-8081-exec-5] INFO  by.bsu.guglya.library.controllers.listeners.LibrarySessionListener 
 Session created!
22.07.2015 11:30:43 [http-bio-8081-exec-1] INFO  by.bsu.guglya.library.controllers.listeners.LibrarySessionListener 
 Session destroyed!
22.07.2015 11:30:43 [http-bio-8081-exec-1] INFO  by.bsu.guglya.library.controllers.listeners.LibrarySessionListener 
 Session created!
22.07.2015 11:33:16 [RMI TCP Connection(3)-127.0.0.1] INFO  by.bsu.guglya.library.controllers.listeners.LibraryContextListener 
 Application started!
22.07.2015 11:33:18 [http-bio-8081-exec-1] INFO  by.bsu.guglya.library.controllers.listeners.LibrarySessionListener 
 Session created!
22.07.2015 11:33:20 [http-bio-8081-exec-5] INFO  by.bsu.guglya.library.controllers.listeners.LibrarySessionListener 
 Session created!
22.07.2015 11:34:23 [RMI TCP Connection(3)-127.0.0.1] INFO  by.bsu.guglya.library.controllers.listeners.LibraryContextListener 
 Application started!
22.07.2015 11:34:25 [http-bio-8081-exec-1] INFO  by.bsu.guglya.library.controllers.listeners.LibrarySessionListener 
 Session created!
22.07.2015 11:34:27 [http-bio-8081-exec-5] INFO  by.bsu.guglya.library.controllers.listeners.LibrarySessionListener 
 Session created!
22.07.2015 11:36:14 [RMI TCP Connection(3)-127.0.0.1] INFO  by.bsu.guglya.library.controllers.listeners.LibraryContextListener 
 Application started!
22.07.2015 11:36:16 [http-bio-8081-exec-1] INFO  by.bsu.guglya.library.controllers.listeners.LibrarySessionListener 
 Session created!
22.07.2015 11:36:17 [http-bio-8081-exec-5] INFO  by.bsu.guglya.library.controllers.listeners.LibrarySessionListener 
 Session created!
22.07.2015 11:44:46 [RMI TCP Connection(3)-127.0.0.1] INFO  by.bsu.guglya.library.controllers.listeners.LibraryContextListener 
 Application started!
22.07.2015 11:44:49 [http-bio-8081-exec-1] INFO  by.bsu.guglya.library.controllers.listeners.LibrarySessionListener 
 Session created!
22.07.2015 11:44:54 [http-bio-8081-exec-5] INFO  by.bsu.guglya.library.controllers.listeners.LibrarySessionListener 
 Session created!
22.07.2015 11:45:39 [RMI TCP Connection(3)-127.0.0.1] INFO  by.bsu.guglya.library.controllers.listeners.LibraryContextListener 
 Application started!
22.07.2015 11:45:41 [http-bio-8081-exec-1] INFO  by.bsu.guglya.library.controllers.listeners.LibrarySessionListener 
 Session created!
22.07.2015 11:45:42 [http-bio-8081-exec-5] INFO  by.bsu.guglya.library.controllers.listeners.LibrarySessionListener 
 Session created!
22.07.2015 11:46:59 [RMI TCP Connection(3)-127.0.0.1] INFO  by.bsu.guglya.library.controllers.listeners.LibraryContextListener 
 Application started!
22.07.2015 11:47:00 [http-bio-8081-exec-1] INFO  by.bsu.guglya.library.controllers.listeners.LibrarySessionListener 
 Session created!
22.07.2015 11:47:02 [http-bio-8081-exec-5] INFO  by.bsu.guglya.library.controllers.listeners.LibrarySessionListener 
 Session created!
22.07.2015 11:50:36 [RMI TCP Connection(3)-127.0.0.1] INFO  by.bsu.guglya.library.controllers.listeners.LibraryContextListener 
 Application started!
22.07.2015 11:50:38 [http-bio-8081-exec-1] INFO  by.bsu.guglya.library.controllers.listeners.LibrarySessionListener 
 Session created!
22.07.2015 11:50:40 [http-bio-8081-exec-5] INFO  by.bsu.guglya.library.controllers.listeners.LibrarySessionListener 
 Session created!
22.07.2015 11:52:42 [RMI TCP Connection(3)-127.0.0.1] INFO  by.bsu.guglya.library.controllers.listeners.LibraryContextListener 
 Application started!
22.07.2015 11:52:44 [http-bio-8081-exec-1] INFO  by.bsu.guglya.library.controllers.listeners.LibrarySessionListener 
 Session created!
22.07.2015 11:52:45 [http-bio-8081-exec-5] INFO  by.bsu.guglya.library.controllers.listeners.LibrarySessionListener 
 Session created!
22.07.2015 11:53:45 [RMI TCP Connection(3)-127.0.0.1] INFO  by.bsu.guglya.library.controllers.listeners.LibraryContextListener 
 Application started!
22.07.2015 11:53:47 [http-bio-8081-exec-1] INFO  by.bsu.guglya.library.controllers.listeners.LibrarySessionListener 
 Session created!
22.07.2015 11:53:49 [http-bio-8081-exec-5] INFO  by.bsu.guglya.library.controllers.listeners.LibrarySessionListener 
 Session created!
22.07.2015 11:58:33 [RMI TCP Connection(3)-127.0.0.1] INFO  by.bsu.guglya.library.controllers.listeners.LibraryContextListener 
 Application started!
22.07.2015 11:58:34 [http-bio-8081-exec-1] INFO  by.bsu.guglya.library.controllers.listeners.LibrarySessionListener 
 Session created!
22.07.2015 11:58:36 [http-bio-8081-exec-5] INFO  by.bsu.guglya.library.controllers.listeners.LibrarySessionListener 
 Session created!
22.07.2015 12:01:33 [RMI TCP Connection(3)-127.0.0.1] INFO  by.bsu.guglya.library.controllers.listeners.LibraryContextListener 
 Application started!
22.07.2015 12:01:35 [http-bio-8081-exec-1] INFO  by.bsu.guglya.library.controllers.listeners.LibrarySessionListener 
 Session created!
22.07.2015 12:01:36 [http-bio-8081-exec-5] INFO  by.bsu.guglya.library.controllers.listeners.LibrarySessionListener 
 Session created!
22.07.2015 12:07:27 [RMI TCP Connection(3)-127.0.0.1] INFO  by.bsu.guglya.library.controllers.listeners.LibraryContextListener 
 Application started!
22.07.2015 12:07:29 [http-bio-8081-exec-1] INFO  by.bsu.guglya.library.controllers.listeners.LibrarySessionListener 
 Session created!
22.07.2015 12:07:30 [http-bio-8081-exec-5] INFO  by.bsu.guglya.library.controllers.listeners.LibrarySessionListener 
 Session created!
22.07.2015 12:09:09 [RMI TCP Connection(3)-127.0.0.1] INFO  by.bsu.guglya.library.controllers.listeners.LibraryContextListener 
 Application started!
22.07.2015 12:09:11 [http-bio-8081-exec-1] INFO  by.bsu.guglya.library.controllers.listeners.LibrarySessionListener 
 Session created!
22.07.2015 12:09:13 [http-bio-8081-exec-5] INFO  by.bsu.guglya.library.controllers.listeners.LibrarySessionListener 
 Session created!
22.07.2015 12:10:11 [localhost-startStop-2] INFO  by.bsu.guglya.library.controllers.listeners.LibraryContextListener 
 Application started!
22.07.2015 12:11:18 [RMI TCP Connection(3)-127.0.0.1] INFO  by.bsu.guglya.library.controllers.listeners.LibraryContextListener 
 Application started!
22.07.2015 12:11:20 [http-bio-8081-exec-1] INFO  by.bsu.guglya.library.controllers.listeners.LibrarySessionListener 
 Session created!
22.07.2015 12:11:21 [http-bio-8081-exec-5] INFO  by.bsu.guglya.library.controllers.listeners.LibrarySessionListener 
 Session created!
22.07.2015 12:15:02 [RMI TCP Connection(3)-127.0.0.1] INFO  by.bsu.guglya.library.controllers.listeners.LibraryContextListener 
 Application started!
22.07.2015 12:15:03 [http-bio-8081-exec-1] INFO  by.bsu.guglya.library.controllers.listeners.LibrarySessionListener 
 Session created!
22.07.2015 12:15:04 [http-bio-8081-exec-5] INFO  by.bsu.guglya.library.controllers.listeners.LibrarySessionListener 
 Session created!
22.07.2015 12:15:12 [http-bio-8081-exec-10] INFO  by.bsu.guglya.library.controllers.listeners.LibrarySessionListener 
 Session destroyed!
22.07.2015 12:15:12 [http-bio-8081-exec-10] INFO  by.bsu.guglya.library.controllers.listeners.LibrarySessionListener 
 Session created!
22.07.2015 12:31:19 [RMI TCP Connection(3)-127.0.0.1] INFO  by.bsu.guglya.library.controllers.listeners.LibraryContextListener 
 Application started!
22.07.2015 12:31:21 [http-bio-8081-exec-1] INFO  by.bsu.guglya.library.controllers.listeners.LibrarySessionListener 
 Session created!
22.07.2015 12:31:22 [http-bio-8081-exec-5] INFO  by.bsu.guglya.library.controllers.listeners.LibrarySessionListener 
 Session created!
22.07.2015 12:43:34 [RMI TCP Connection(3)-127.0.0.1] INFO  by.bsu.guglya.library.controllers.listeners.LibraryContextListener 
 Application started!
22.07.2015 12:43:36 [http-bio-8081-exec-1] INFO  by.bsu.guglya.library.controllers.listeners.LibrarySessionListener 
 Session created!
22.07.2015 12:43:38 [http-bio-8081-exec-5] INFO  by.bsu.guglya.library.controllers.listeners.LibrarySessionListener 
 Session created!
22.07.2015 12:52:55 [RMI TCP Connection(3)-127.0.0.1] INFO  by.bsu.guglya.library.controllers.listeners.LibraryContextListener 
 Application started!
22.07.2015 12:52:58 [http-bio-8081-exec-1] INFO  by.bsu.guglya.library.controllers.listeners.LibrarySessionListener 
 Session created!
22.07.2015 12:52:59 [http-bio-8081-exec-5] INFO  by.bsu.guglya.library.controllers.listeners.LibrarySessionListener 
 Session created!
22.07.2015 12:53:23 [RMI TCP Connection(3)-127.0.0.1] INFO  by.bsu.guglya.library.controllers.listeners.LibraryContextListener 
 Application started!
22.07.2015 12:53:25 [http-bio-8081-exec-1] INFO  by.bsu.guglya.library.controllers.listeners.LibrarySessionListener 
 Session created!
22.07.2015 12:53:26 [http-bio-8081-exec-5] INFO  by.bsu.guglya.library.controllers.listeners.LibrarySessionListener 
 Session created!
22.07.2015 12:56:29 [RMI TCP Connection(6)-127.0.0.1] INFO  by.bsu.guglya.library.controllers.listeners.LibraryContextListener 
 Application started!
22.07.2015 12:56:47 [RMI TCP Connection(3)-127.0.0.1] INFO  by.bsu.guglya.library.controllers.listeners.LibraryContextListener 
 Application started!
22.07.2015 12:56:48 [http-bio-8081-exec-1] INFO  by.bsu.guglya.library.controllers.listeners.LibrarySessionListener 
 Session created!
22.07.2015 12:56:50 [http-bio-8081-exec-5] INFO  by.bsu.guglya.library.controllers.listeners.LibrarySessionListener 
 Session created!
22.07.2015 12:58:11 [RMI TCP Connection(3)-127.0.0.1] INFO  by.bsu.guglya.library.controllers.listeners.LibraryContextListener 
 Application started!
22.07.2015 12:58:12 [http-bio-8081-exec-1] INFO  by.bsu.guglya.library.controllers.listeners.LibrarySessionListener 
 Session created!
22.07.2015 12:58:14 [http-bio-8081-exec-5] INFO  by.bsu.guglya.library.controllers.listeners.LibrarySessionListener 
 Session created!
22.07.2015 13:02:35 [RMI TCP Connection(3)-127.0.0.1] INFO  by.bsu.guglya.library.controllers.listeners.LibraryContextListener 
 Application started!
22.07.2015 13:02:38 [http-bio-8081-exec-1] INFO  by.bsu.guglya.library.controllers.listeners.LibrarySessionListener 
 Session created!
22.07.2015 13:02:39 [http-bio-8081-exec-5] INFO  by.bsu.guglya.library.controllers.listeners.LibrarySessionListener 
 Session created!
22.07.2015 13:03:39 [RMI TCP Connection(3)-127.0.0.1] INFO  by.bsu.guglya.library.controllers.listeners.LibraryContextListener 
 Application started!
22.07.2015 13:03:41 [http-bio-8081-exec-1] INFO  by.bsu.guglya.library.controllers.listeners.LibrarySessionListener 
 Session created!
22.07.2015 13:03:42 [http-bio-8081-exec-5] INFO  by.bsu.guglya.library.controllers.listeners.LibrarySessionListener 
 Session created!
22.07.2015 13:05:57 [RMI TCP Connection(3)-127.0.0.1] INFO  by.bsu.guglya.library.controllers.listeners.LibraryContextListener 
 Application started!
22.07.2015 13:06:00 [http-bio-8081-exec-1] INFO  by.bsu.guglya.library.controllers.listeners.LibrarySessionListener 
 Session created!
22.07.2015 13:06:01 [http-bio-8081-exec-5] INFO  by.bsu.guglya.library.controllers.listeners.LibrarySessionListener 
 Session created!
22.07.2015 13:07:32 [http-bio-8081-exec-6] INFO  by.bsu.guglya.library.controllers.listeners.LibrarySessionListener 
 Session destroyed!
22.07.2015 13:07:32 [http-bio-8081-exec-6] INFO  by.bsu.guglya.library.controllers.listeners.LibrarySessionListener 
 Session created!
22.07.2015 13:14:54 [RMI TCP Connection(3)-127.0.0.1] INFO  by.bsu.guglya.library.controllers.listeners.LibraryContextListener 
 Application started!
22.07.2015 13:14:56 [http-bio-8081-exec-1] INFO  by.bsu.guglya.library.controllers.listeners.LibrarySessionListener 
 Session created!
22.07.2015 13:14:57 [http-bio-8081-exec-5] INFO  by.bsu.guglya.library.controllers.listeners.LibrarySessionListener 
 Session created!
22.07.2015 13:20:32 [RMI TCP Connection(3)-127.0.0.1] INFO  by.bsu.guglya.library.controllers.listeners.LibraryContextListener 
 Application started!
22.07.2015 13:20:34 [http-bio-8081-exec-1] INFO  by.bsu.guglya.library.controllers.listeners.LibrarySessionListener 
 Session created!
22.07.2015 13:20:35 [http-bio-8081-exec-5] INFO  by.bsu.guglya.library.controllers.listeners.LibrarySessionListener 
 Session created!
22.07.2015 13:22:06 [RMI TCP Connection(3)-127.0.0.1] INFO  by.bsu.guglya.library.controllers.listeners.LibraryContextListener 
 Application started!
22.07.2015 13:22:07 [http-bio-8081-exec-1] INFO  by.bsu.guglya.library.controllers.listeners.LibrarySessionListener 
 Session created!
22.07.2015 13:22:09 [http-bio-8081-exec-5] INFO  by.bsu.guglya.library.controllers.listeners.LibrarySessionListener 
 Session created!
22.07.2015 13:52:31 [ContainerBackgroundProcessor[StandardEngine[Catalina]]] INFO  by.bsu.guglya.library.controllers.listeners.LibrarySessionListener 
 Session destroyed!
22.07.2015 13:54:21 [RMI TCP Connection(3)-127.0.0.1] INFO  by.bsu.guglya.library.controllers.listeners.LibraryContextListener 
 Application started!
22.07.2015 13:54:23 [http-bio-8081-exec-1] INFO  by.bsu.guglya.library.controllers.listeners.LibrarySessionListener 
 Session created!
22.07.2015 13:54:25 [http-bio-8081-exec-5] INFO  by.bsu.guglya.library.controllers.listeners.LibrarySessionListener 
 Session created!
22.07.2015 13:56:11 [RMI TCP Connection(3)-127.0.0.1] INFO  by.bsu.guglya.library.controllers.listeners.LibraryContextListener 
 Application started!
22.07.2015 13:56:13 [http-bio-8081-exec-1] INFO  by.bsu.guglya.library.controllers.listeners.LibrarySessionListener 
 Session created!
22.07.2015 13:56:15 [http-bio-8081-exec-5] INFO  by.bsu.guglya.library.controllers.listeners.LibrarySessionListener 
 Session created!
22.07.2015 14:04:34 [RMI TCP Connection(3)-127.0.0.1] INFO  by.bsu.guglya.library.controllers.listeners.LibraryContextListener 
 Application started!
22.07.2015 14:04:37 [http-bio-8081-exec-1] INFO  by.bsu.guglya.library.controllers.listeners.LibrarySessionListener 
 Session created!
22.07.2015 14:04:39 [http-bio-8081-exec-5] INFO  by.bsu.guglya.library.controllers.listeners.LibrarySessionListener 
 Session created!
22.07.2015 14:25:56 [RMI TCP Connection(3)-127.0.0.1] INFO  by.bsu.guglya.library.controllers.listeners.LibraryContextListener 
 Application started!
22.07.2015 14:25:58 [http-bio-8081-exec-1] INFO  by.bsu.guglya.library.controllers.listeners.LibrarySessionListener 
 Session created!
22.07.2015 14:25:59 [http-bio-8081-exec-5] INFO  by.bsu.guglya.library.controllers.listeners.LibrarySessionListener 
 Session created!
22.07.2015 14:33:37 [RMI TCP Connection(3)-127.0.0.1] INFO  by.bsu.guglya.library.controllers.listeners.LibraryContextListener 
 Application started!
22.07.2015 14:33:39 [http-bio-8081-exec-1] INFO  by.bsu.guglya.library.controllers.listeners.LibrarySessionListener 
 Session created!
22.07.2015 14:33:41 [http-bio-8081-exec-5] INFO  by.bsu.guglya.library.controllers.listeners.LibrarySessionListener 
 Session created!
22.07.2015 14:50:25 [RMI TCP Connection(3)-127.0.0.1] INFO  by.bsu.guglya.library.controllers.listeners.LibraryContextListener 
 Application started!
22.07.2015 14:50:28 [http-bio-8081-exec-1] INFO  by.bsu.guglya.library.controllers.listeners.LibrarySessionListener 
 Session created!
22.07.2015 14:50:31 [http-bio-8081-exec-5] INFO  by.bsu.guglya.library.controllers.listeners.LibrarySessionListener 
 Session created!
22.07.2015 14:52:09 [RMI TCP Connection(3)-127.0.0.1] INFO  by.bsu.guglya.library.controllers.listeners.LibraryContextListener 
 Application started!
22.07.2015 14:52:11 [http-bio-8081-exec-1] INFO  by.bsu.guglya.library.controllers.listeners.LibrarySessionListener 
 Session created!
22.07.2015 14:52:13 [http-bio-8081-exec-5] INFO  by.bsu.guglya.library.controllers.listeners.LibrarySessionListener 
 Session created!
22.07.2015 14:56:13 [http-bio-8081-exec-2] INFO  by.bsu.guglya.library.controllers.listeners.LibrarySessionListener 
 Session destroyed!
22.07.2015 14:56:13 [http-bio-8081-exec-2] INFO  by.bsu.guglya.library.controllers.listeners.LibrarySessionListener 
 Session created!
22.07.2015 15:12:00 [RMI TCP Connection(2)-127.0.0.1] INFO  by.bsu.guglya.library.controllers.listeners.LibraryContextListener 
 Application started!
22.07.2015 15:12:02 [http-bio-8081-exec-1] INFO  by.bsu.guglya.library.controllers.listeners.LibrarySessionListener 
 Session created!
22.07.2015 15:12:13 [http-bio-8081-exec-5] INFO  by.bsu.guglya.library.controllers.listeners.LibrarySessionListener 
 Session created!
22.07.2015 15:14:25 [http-bio-8081-exec-2] INFO  by.bsu.guglya.library.controllers.listeners.LibrarySessionListener 
 Session destroyed!
22.07.2015 15:14:25 [http-bio-8081-exec-2] INFO  by.bsu.guglya.library.controllers.listeners.LibrarySessionListener 
 Session created!
22.07.2015 15:14:29 [http-bio-8081-exec-2] INFO  by.bsu.guglya.library.controllers.listeners.LibrarySessionListener 
 Session destroyed!
22.07.2015 15:14:29 [http-bio-8081-exec-2] INFO  by.bsu.guglya.library.controllers.listeners.LibrarySessionListener 
 Session created!
22.07.2015 15:14:45 [http-bio-8081-exec-2] INFO  by.bsu.guglya.library.controllers.listeners.LibrarySessionListener 
 Session destroyed!
22.07.2015 15:14:45 [http-bio-8081-exec-2] INFO  by.bsu.guglya.library.controllers.listeners.LibrarySessionListener 
 Session created!
22.07.2015 15:24:39 [RMI TCP Connection(3)-127.0.0.1] INFO  by.bsu.guglya.library.controllers.listeners.LibraryContextListener 
 Application started!
22.07.2015 15:24:41 [http-bio-8081-exec-1] INFO  by.bsu.guglya.library.controllers.listeners.LibrarySessionListener 
 Session created!
22.07.2015 15:24:43 [http-bio-8081-exec-5] INFO  by.bsu.guglya.library.controllers.listeners.LibrarySessionListener 
 Session created!
22.07.2015 15:48:26 [RMI TCP Connection(3)-127.0.0.1] INFO  by.bsu.guglya.library.controllers.listeners.LibraryContextListener 
 Application started!
22.07.2015 15:48:28 [http-bio-8081-exec-1] INFO  by.bsu.guglya.library.controllers.listeners.LibrarySessionListener 
 Session created!
22.07.2015 15:48:29 [http-bio-8081-exec-5] INFO  by.bsu.guglya.library.controllers.listeners.LibrarySessionListener 
 Session created!
22.07.2015 15:52:01 [RMI TCP Connection(3)-127.0.0.1] INFO  by.bsu.guglya.library.controllers.listeners.LibraryContextListener 
 Application started!
22.07.2015 15:52:03 [http-bio-8081-exec-1] INFO  by.bsu.guglya.library.controllers.listeners.LibrarySessionListener 
 Session created!
22.07.2015 15:52:04 [http-bio-8081-exec-5] INFO  by.bsu.guglya.library.controllers.listeners.LibrarySessionListener 
 Session created!
22.07.2015 16:18:18 [RMI TCP Connection(3)-127.0.0.1] INFO  by.bsu.guglya.library.controllers.listeners.LibraryContextListener 
 Application started!
22.07.2015 16:18:21 [http-bio-8081-exec-1] INFO  by.bsu.guglya.library.controllers.listeners.LibrarySessionListener 
 Session created!
22.07.2015 16:18:23 [http-bio-8081-exec-5] INFO  by.bsu.guglya.library.controllers.listeners.LibrarySessionListener 
 Session created!
22.07.2015 16:32:09 [RMI TCP Connection(3)-127.0.0.1] INFO  by.bsu.guglya.library.controllers.listeners.LibraryContextListener 
 Application started!
22.07.2015 16:32:12 [http-bio-8081-exec-1] INFO  by.bsu.guglya.library.controllers.listeners.LibrarySessionListener 
 Session created!
22.07.2015 16:32:15 [http-bio-8081-exec-5] INFO  by.bsu.guglya.library.controllers.listeners.LibrarySessionListener 
 Session created!
22.07.2015 16:33:53 [RMI TCP Connection(3)-127.0.0.1] INFO  by.bsu.guglya.library.controllers.listeners.LibraryContextListener 
 Application started!
22.07.2015 16:33:55 [http-bio-8081-exec-1] INFO  by.bsu.guglya.library.controllers.listeners.LibrarySessionListener 
 Session created!
22.07.2015 16:33:58 [http-bio-8081-exec-5] INFO  by.bsu.guglya.library.controllers.listeners.LibrarySessionListener 
 Session created!
22.07.2015 16:36:19 [http-bio-8081-exec-8] INFO  by.bsu.guglya.library.controllers.listeners.LibrarySessionListener 
 Session destroyed!
22.07.2015 16:36:19 [http-bio-8081-exec-8] INFO  by.bsu.guglya.library.controllers.listeners.LibrarySessionListener 
 Session created!
22.07.2015 16:37:22 [http-bio-8081-exec-3] INFO  by.bsu.guglya.library.controllers.listeners.LibrarySessionListener 
 Session destroyed!
22.07.2015 16:37:22 [http-bio-8081-exec-3] INFO  by.bsu.guglya.library.controllers.listeners.LibrarySessionListener 
 Session created!
22.07.2015 17:04:17 [ContainerBackgroundProcessor[StandardEngine[Catalina]]] INFO  by.bsu.guglya.library.controllers.listeners.LibrarySessionListener 
 Session destroyed!
22.07.2015 17:34:59 [RMI TCP Connection(3)-127.0.0.1] INFO  by.bsu.guglya.library.controllers.listeners.LibraryContextListener 
 Application started!
22.07.2015 17:35:02 [http-bio-8081-exec-1] INFO  by.bsu.guglya.library.controllers.listeners.LibrarySessionListener 
 Session created!
22.07.2015 17:35:04 [http-bio-8081-exec-5] INFO  by.bsu.guglya.library.controllers.listeners.LibrarySessionListener 
 Session created!
22.07.2015 17:36:12 [RMI TCP Connection(3)-127.0.0.1] INFO  by.bsu.guglya.library.controllers.listeners.LibraryContextListener 
 Application started!
22.07.2015 17:36:14 [http-bio-8081-exec-1] INFO  by.bsu.guglya.library.controllers.listeners.LibrarySessionListener 
 Session created!
22.07.2015 17:36:16 [http-bio-8081-exec-5] INFO  by.bsu.guglya.library.controllers.listeners.LibrarySessionListener 
 Session created!
22.07.2015 17:38:42 [RMI TCP Connection(3)-127.0.0.1] INFO  by.bsu.guglya.library.controllers.listeners.LibraryContextListener 
 Application started!
22.07.2015 17:38:44 [http-bio-8081-exec-1] INFO  by.bsu.guglya.library.controllers.listeners.LibrarySessionListener 
 Session created!
22.07.2015 17:38:45 [http-bio-8081-exec-5] INFO  by.bsu.guglya.library.controllers.listeners.LibrarySessionListener 
 Session created!
22.07.2015 17:40:11 [RMI TCP Connection(3)-127.0.0.1] INFO  by.bsu.guglya.library.controllers.listeners.LibraryContextListener 
 Application started!
22.07.2015 17:40:14 [http-bio-8081-exec-1] INFO  by.bsu.guglya.library.controllers.listeners.LibrarySessionListener 
 Session created!
22.07.2015 17:40:15 [http-bio-8081-exec-5] INFO  by.bsu.guglya.library.controllers.listeners.LibrarySessionListener 
 Session created!
22.07.2015 17:42:47 [RMI TCP Connection(3)-127.0.0.1] INFO  by.bsu.guglya.library.controllers.listeners.LibraryContextListener 
 Application started!
22.07.2015 17:42:49 [http-bio-8081-exec-1] INFO  by.bsu.guglya.library.controllers.listeners.LibrarySessionListener 
 Session created!
22.07.2015 17:42:51 [http-bio-8081-exec-5] INFO  by.bsu.guglya.library.controllers.listeners.LibrarySessionListener 
 Session created!
22.07.2015 17:43:06 [http-bio-8081-exec-10] ERROR by.bsu.guglya.library.database.dao.CatalogDAO 
 Column 'book.book_type' not found.
22.07.2015 17:43:46 [RMI TCP Connection(3)-127.0.0.1] INFO  by.bsu.guglya.library.controllers.listeners.LibraryContextListener 
 Application started!
22.07.2015 17:43:48 [http-bio-8081-exec-1] INFO  by.bsu.guglya.library.controllers.listeners.LibrarySessionListener 
 Session created!
22.07.2015 17:43:50 [http-bio-8081-exec-5] INFO  by.bsu.guglya.library.controllers.listeners.LibrarySessionListener 
 Session created!
22.07.2015 17:48:03 [RMI TCP Connection(2)-127.0.0.1] INFO  by.bsu.guglya.library.controllers.listeners.LibraryContextListener 
 Application started!
22.07.2015 17:48:06 [http-bio-8081-exec-1] INFO  by.bsu.guglya.library.controllers.listeners.LibrarySessionListener 
 Session created!
22.07.2015 17:48:07 [http-bio-8081-exec-5] INFO  by.bsu.guglya.library.controllers.listeners.LibrarySessionListener 
 Session created!
22.07.2015 17:55:26 [RMI TCP Connection(3)-127.0.0.1] INFO  by.bsu.guglya.library.controllers.listeners.LibraryContextListener 
 Application started!
22.07.2015 17:55:27 [http-bio-8081-exec-1] INFO  by.bsu.guglya.library.controllers.listeners.LibrarySessionListener 
 Session created!
22.07.2015 17:55:30 [http-bio-8081-exec-5] INFO  by.bsu.guglya.library.controllers.listeners.LibrarySessionListener 
 Session created!
22.07.2015 17:59:36 [RMI TCP Connection(3)-127.0.0.1] INFO  by.bsu.guglya.library.controllers.listeners.LibraryContextListener 
 Application started!
22.07.2015 17:59:39 [http-bio-8081-exec-1] INFO  by.bsu.guglya.library.controllers.listeners.LibrarySessionListener 
 Session created!
22.07.2015 17:59:40 [http-bio-8081-exec-5] INFO  by.bsu.guglya.library.controllers.listeners.LibrarySessionListener 
 Session created!
22.07.2015 18:01:41 [RMI TCP Connection(3)-127.0.0.1] INFO  by.bsu.guglya.library.controllers.listeners.LibraryContextListener 
 Application started!
22.07.2015 18:01:43 [http-bio-8081-exec-1] INFO  by.bsu.guglya.library.controllers.listeners.LibrarySessionListener 
 Session created!
22.07.2015 18:01:45 [http-bio-8081-exec-5] INFO  by.bsu.guglya.library.controllers.listeners.LibrarySessionListener 
 Session created!
22.07.2015 18:18:00 [RMI TCP Connection(3)-127.0.0.1] INFO  by.bsu.guglya.library.controllers.listeners.LibraryContextListener 
 Application started!
22.07.2015 18:18:02 [http-bio-8081-exec-1] INFO  by.bsu.guglya.library.controllers.listeners.LibrarySessionListener 
 Session created!
22.07.2015 18:18:04 [http-bio-8081-exec-5] INFO  by.bsu.guglya.library.controllers.listeners.LibrarySessionListener 
 Session created!
22.07.2015 18:22:42 [RMI TCP Connection(3)-127.0.0.1] INFO  by.bsu.guglya.library.controllers.listeners.LibraryContextListener 
 Application started!
22.07.2015 18:22:45 [http-bio-8081-exec-1] INFO  by.bsu.guglya.library.controllers.listeners.LibrarySessionListener 
 Session created!
22.07.2015 18:22:46 [http-bio-8081-exec-5] INFO  by.bsu.guglya.library.controllers.listeners.LibrarySessionListener 
 Session created!
22.07.2015 18:23:47 [RMI TCP Connection(3)-127.0.0.1] INFO  by.bsu.guglya.library.controllers.listeners.LibraryContextListener 
 Application started!
22.07.2015 18:23:49 [http-bio-8081-exec-1] INFO  by.bsu.guglya.library.controllers.listeners.LibrarySessionListener 
 Session created!
22.07.2015 18:23:50 [http-bio-8081-exec-5] INFO  by.bsu.guglya.library.controllers.listeners.LibrarySessionListener 
 Session created!
22.07.2015 18:25:35 [http-bio-8081-exec-1] INFO  by.bsu.guglya.library.controllers.listeners.LibrarySessionListener 
 Session destroyed!
22.07.2015 18:25:35 [http-bio-8081-exec-1] INFO  by.bsu.guglya.library.controllers.listeners.LibrarySessionListener 
 Session created!
22.07.2015 18:26:05 [http-bio-8081-exec-1] INFO  by.bsu.guglya.library.controllers.listeners.LibrarySessionListener 
 Session destroyed!
22.07.2015 18:26:05 [http-bio-8081-exec-1] INFO  by.bsu.guglya.library.controllers.listeners.LibrarySessionListener 
 Session created!
22.07.2015 18:28:27 [RMI TCP Connection(3)-127.0.0.1] INFO  by.bsu.guglya.library.controllers.listeners.LibraryContextListener 
 Application started!
22.07.2015 18:28:29 [http-bio-8081-exec-1] INFO  by.bsu.guglya.library.controllers.listeners.LibrarySessionListener 
 Session created!
22.07.2015 18:28:30 [http-bio-8081-exec-5] INFO  by.bsu.guglya.library.controllers.listeners.LibrarySessionListener 
 Session created!
22.07.2015 18:29:49 [http-bio-8081-exec-10] INFO  by.bsu.guglya.library.controllers.listeners.LibrarySessionListener 
 Session destroyed!
22.07.2015 18:29:49 [http-bio-8081-exec-10] INFO  by.bsu.guglya.library.controllers.listeners.LibrarySessionListener 
 Session created!
22.07.2015 18:37:20 [RMI TCP Connection(3)-127.0.0.1] INFO  by.bsu.guglya.library.controllers.listeners.LibraryContextListener 
 Application started!
22.07.2015 18:37:23 [http-bio-8081-exec-1] INFO  by.bsu.guglya.library.controllers.listeners.LibrarySessionListener 
 Session created!
22.07.2015 18:37:26 [http-bio-8081-exec-5] INFO  by.bsu.guglya.library.controllers.listeners.LibrarySessionListener 
 Session created!
22.07.2015 18:51:14 [RMI TCP Connection(3)-127.0.0.1] INFO  by.bsu.guglya.library.controllers.listeners.LibraryContextListener 
 Application started!
22.07.2015 18:51:18 [http-bio-8081-exec-1] INFO  by.bsu.guglya.library.controllers.listeners.LibrarySessionListener 
 Session created!
22.07.2015 18:51:20 [http-bio-8081-exec-5] INFO  by.bsu.guglya.library.controllers.listeners.LibrarySessionListener 
 Session created!
22.07.2015 18:52:14 [RMI TCP Connection(3)-127.0.0.1] INFO  by.bsu.guglya.library.controllers.listeners.LibraryContextListener 
 Application started!
22.07.2015 18:52:16 [http-bio-8081-exec-1] INFO  by.bsu.guglya.library.controllers.listeners.LibrarySessionListener 
 Session created!
22.07.2015 18:52:17 [http-bio-8081-exec-5] INFO  by.bsu.guglya.library.controllers.listeners.LibrarySessionListener 
 Session created!
22.07.2015 19:03:07 [RMI TCP Connection(3)-127.0.0.1] INFO  by.bsu.guglya.library.controllers.listeners.LibraryContextListener 
 Application started!
22.07.2015 19:03:09 [http-bio-8081-exec-1] INFO  by.bsu.guglya.library.controllers.listeners.LibrarySessionListener 
 Session created!
22.07.2015 19:03:10 [http-bio-8081-exec-5] INFO  by.bsu.guglya.library.controllers.listeners.LibrarySessionListener 
 Session created!
22.07.2015 19:12:53 [RMI TCP Connection(3)-127.0.0.1] INFO  by.bsu.guglya.library.controllers.listeners.LibraryContextListener 
 Application started!
22.07.2015 19:12:55 [http-bio-8081-exec-1] INFO  by.bsu.guglya.library.controllers.listeners.LibrarySessionListener 
 Session created!
22.07.2015 19:12:57 [http-bio-8081-exec-5] INFO  by.bsu.guglya.library.controllers.listeners.LibrarySessionListener 
 Session created!
22.07.2015 19:15:57 [RMI TCP Connection(3)-127.0.0.1] INFO  by.bsu.guglya.library.controllers.listeners.LibraryContextListener 
 Application started!
22.07.2015 19:15:59 [http-bio-8081-exec-1] INFO  by.bsu.guglya.library.controllers.listeners.LibrarySessionListener 
 Session created!
22.07.2015 19:16:00 [http-bio-8081-exec-5] INFO  by.bsu.guglya.library.controllers.listeners.LibrarySessionListener 
 Session created!
22.07.2015 19:18:47 [RMI TCP Connection(3)-127.0.0.1] INFO  by.bsu.guglya.library.controllers.listeners.LibraryContextListener 
 Application started!
22.07.2015 19:18:49 [http-bio-8081-exec-1] INFO  by.bsu.guglya.library.controllers.listeners.LibrarySessionListener 
 Session created!
22.07.2015 19:18:50 [http-bio-8081-exec-5] INFO  by.bsu.guglya.library.controllers.listeners.LibrarySessionListener 
 Session created!
22.07.2015 19:21:44 [RMI TCP Connection(3)-127.0.0.1] INFO  by.bsu.guglya.library.controllers.listeners.LibraryContextListener 
 Application started!
22.07.2015 19:21:46 [http-bio-8081-exec-1] INFO  by.bsu.guglya.library.controllers.listeners.LibrarySessionListener 
 Session created!
22.07.2015 19:21:47 [http-bio-8081-exec-5] INFO  by.bsu.guglya.library.controllers.listeners.LibrarySessionListener 
 Session created!
22.07.2015 19:26:33 [RMI TCP Connection(3)-127.0.0.1] INFO  by.bsu.guglya.library.controllers.listeners.LibraryContextListener 
 Application started!
22.07.2015 19:26:35 [http-bio-8081-exec-1] INFO  by.bsu.guglya.library.controllers.listeners.LibrarySessionListener 
 Session created!
22.07.2015 19:26:36 [http-bio-8081-exec-5] INFO  by.bsu.guglya.library.controllers.listeners.LibrarySessionListener 
 Session created!
22.07.2015 19:27:55 [http-bio-8081-exec-10] INFO  by.bsu.guglya.library.controllers.listeners.LibrarySessionListener 
 Session destroyed!
22.07.2015 19:27:55 [http-bio-8081-exec-10] INFO  by.bsu.guglya.library.controllers.listeners.LibrarySessionListener 
 Session created!
22.07.2015 19:28:06 [http-bio-8081-exec-4] INFO  by.bsu.guglya.library.controllers.listeners.LibrarySessionListener 
 Session destroyed!
22.07.2015 19:28:06 [http-bio-8081-exec-4] INFO  by.bsu.guglya.library.controllers.listeners.LibrarySessionListener 
 Session created!
22.07.2015 19:30:07 [http-bio-8081-exec-5] INFO  by.bsu.guglya.library.controllers.listeners.LibrarySessionListener 
 Session destroyed!
22.07.2015 19:30:07 [http-bio-8081-exec-5] INFO  by.bsu.guglya.library.controllers.listeners.LibrarySessionListener 
 Session created!
22.07.2015 19:30:34 [http-bio-8081-exec-5] INFO  by.bsu.guglya.library.controllers.listeners.LibrarySessionListener 
 Session destroyed!
22.07.2015 19:30:34 [http-bio-8081-exec-5] INFO  by.bsu.guglya.library.controllers.listeners.LibrarySessionListener 
 Session created!
22.07.2015 19:36:31 [RMI TCP Connection(3)-127.0.0.1] INFO  by.bsu.guglya.library.controllers.listeners.LibraryContextListener 
 Application started!
22.07.2015 19:36:33 [http-bio-8081-exec-1] INFO  by.bsu.guglya.library.controllers.listeners.LibrarySessionListener 
 Session created!
22.07.2015 19:36:35 [http-bio-8081-exec-5] INFO  by.bsu.guglya.library.controllers.listeners.LibrarySessionListener 
 Session created!
22.07.2015 19:37:04 [http-bio-8081-exec-10] ERROR by.bsu.guglya.library.database.dao.CatalogDAO 
 Cannot delete or update a parent row: a foreign key constraint fails (`library`.`order`, CONSTRAINT `catalog_item` FOREIGN KEY (`catalog_item`) REFERENCES `catalog` (`idcatalog`) ON DELETE NO ACTION ON UPDATE NO ACTION)
22.07.2015 19:38:19 [RMI TCP Connection(3)-127.0.0.1] INFO  by.bsu.guglya.library.controllers.listeners.LibraryContextListener 
 Application started!
22.07.2015 19:38:21 [http-bio-8081-exec-1] INFO  by.bsu.guglya.library.controllers.listeners.LibrarySessionListener 
 Session created!
22.07.2015 19:38:23 [http-bio-8081-exec-5] INFO  by.bsu.guglya.library.controllers.listeners.LibrarySessionListener 
 Session created!
22.07.2015 19:38:54 [http-bio-8081-exec-10] ERROR by.bsu.guglya.library.database.dao.CatalogDAO 
 Cannot delete or update a parent row: a foreign key constraint fails (`library`.`order`, CONSTRAINT `catalog_item` FOREIGN KEY (`catalog_item`) REFERENCES `catalog` (`idcatalog`) ON DELETE NO ACTION ON UPDATE NO ACTION)
22.07.2015 19:39:35 [http-bio-8081-exec-6] ERROR by.bsu.guglya.library.database.dao.CatalogDAO 
 Cannot delete or update a parent row: a foreign key constraint fails (`library`.`order`, CONSTRAINT `catalog_item` FOREIGN KEY (`catalog_item`) REFERENCES `catalog` (`idcatalog`) ON DELETE NO ACTION ON UPDATE NO ACTION)
22.07.2015 19:42:46 [RMI TCP Connection(3)-127.0.0.1] INFO  by.bsu.guglya.library.controllers.listeners.LibraryContextListener 
 Application started!
22.07.2015 19:42:48 [http-bio-8081-exec-1] INFO  by.bsu.guglya.library.controllers.listeners.LibrarySessionListener 
 Session created!
22.07.2015 19:42:49 [http-bio-8081-exec-5] INFO  by.bsu.guglya.library.controllers.listeners.LibrarySessionListener 
 Session created!
22.07.2015 19:46:48 [http-bio-8081-exec-10] ERROR by.bsu.guglya.library.database.dao.CatalogDAO 
 Cannot delete or update a parent row: a foreign key constraint fails (`library`.`order`, CONSTRAINT `catalog_item` FOREIGN KEY (`catalog_item`) REFERENCES `catalog` (`idcatalog`) ON DELETE NO ACTION ON UPDATE NO ACTION)
22.07.2015 19:50:13 [RMI TCP Connection(3)-127.0.0.1] INFO  by.bsu.guglya.library.controllers.listeners.LibraryContextListener 
 Application started!
22.07.2015 19:50:15 [http-bio-8081-exec-1] INFO  by.bsu.guglya.library.controllers.listeners.LibrarySessionListener 
 Session created!
22.07.2015 19:50:17 [http-bio-8081-exec-5] INFO  by.bsu.guglya.library.controllers.listeners.LibrarySessionListener 
 Session created!
22.07.2015 20:20:39 [ContainerBackgroundProcessor[StandardEngine[Catalina]]] INFO  by.bsu.guglya.library.controllers.listeners.LibrarySessionListener 
 Session destroyed!
22.07.2015 20:22:45 [ContainerBackgroundProcessor[StandardEngine[Catalina]]] INFO  by.bsu.guglya.library.controllers.listeners.LibrarySessionListener 
 Session destroyed!
